{
  "stats": {
    "suites": 1,
    "tests": 1,
    "passes": 1,
    "pending": 0,
    "failures": 0,
    "start": "2026-02-28T19:04:26.821Z",
    "end": "2026-02-28T19:04:29.855Z",
    "duration": 3034,
    "testsRegistered": 1,
    "passPercent": 100,
    "pendingPercent": 0,
    "other": 0,
    "hasOther": false,
    "skipped": 0,
    "hasSkipped": false
  },
  "results": [
    {
      "uuid": "940de558-8b08-481b-8c0a-8dba5031761f",
      "title": "",
      "fullFile": "cypress\\e2e\\2_login.cy.js",
      "file": "cypress\\e2e\\2_login.cy.js",
      "beforeHooks": [],
      "afterHooks": [],
      "tests": [],
      "suites": [
        {
          "uuid": "44aa08c0-e8c1-4942-b19f-43e0f05ddeb4",
          "title": "Login Tests",
          "fullFile": "",
          "file": "",
          "beforeHooks": [],
          "afterHooks": [],
          "tests": [
            {
              "title": "should login with valid credentials and validate home page",
              "fullTitle": "Login Tests should login with valid credentials and validate home page",
              "timedOut": null,
              "duration": 2897,
              "state": "passed",
              "speed": "fast",
              "pass": true,
              "fail": false,
              "pending": false,
              "context": null,
              "code": "cy.env(['username', 'password']).then(env => {\n  loginPage.enterUsername(env.username);\n  loginPage.enterPassword(env.password);\n  loginPage.clickLogin();\n  cy.contains('You are now logged in as').should('be.visible');\n  cy.contains('h2', 'Books').should('be.visible');\n});",
              "err": {},
              "uuid": "c7e8b72e-ec86-432e-a56e-b44c0682a852",
              "parentUUID": "44aa08c0-e8c1-4942-b19f-43e0f05ddeb4",
              "isHook": false,
              "skipped": false
            }
          ],
          "suites": [],
          "passes": [
            "c7e8b72e-ec86-432e-a56e-b44c0682a852"
          ],
          "failures": [],
          "pending": [],
          "skipped": [],
          "duration": 2897,
          "root": false,
          "rootEmpty": false,
          "_timeout": 2000
        }
      ],
      "passes": [],
      "failures": [],
      "pending": [],
      "skipped": [],
      "duration": 0,
      "root": true,
      "rootEmpty": true,
      "_timeout": 2000
    }
  ],
  "meta": {
    "mocha": {
      "version": "7.2.0"
    },
    "mochawesome": {
      "options": {
        "quiet": false,
        "reportFilename": "mochawesome",
        "saveHtml": true,
        "saveJson": true,
        "consoleReporter": "spec",
        "useInlineDiffs": false,
        "code": true
      },
      "version": "7.1.4"
    },
    "marge": {
      "options": {
        "reportDir": "cypress/reports",
        "overwrite": false,
        "html": true,
        "json": true
      },
      "version": "6.3.2"
    }
  }
}