{
  "stats": {
    "suites": 1,
    "tests": 1,
    "passes": 1,
    "pending": 0,
    "failures": 0,
    "start": "2026-02-28T17:12:56.905Z",
    "end": "2026-02-28T17:13:00.227Z",
    "duration": 3322,
    "testsRegistered": 1,
    "passPercent": 100,
    "pendingPercent": 0,
    "other": 0,
    "hasOther": false,
    "skipped": 0,
    "hasSkipped": false
  },
  "results": [
    {
      "uuid": "bc5ed751-c0de-4df8-a3bc-d18e2dbb62dd",
      "title": "",
      "fullFile": "cypress\\e2e\\4_logout.cy.js",
      "file": "cypress\\e2e\\4_logout.cy.js",
      "beforeHooks": [],
      "afterHooks": [],
      "tests": [],
      "suites": [
        {
          "uuid": "2cd7f7ce-c33f-483d-a0f9-dc892f58b0b3",
          "title": "Logout Tests",
          "fullFile": "",
          "file": "",
          "beforeHooks": [],
          "afterHooks": [],
          "tests": [
            {
              "title": "should login and logout successfully",
              "fullTitle": "Logout Tests should login and logout successfully",
              "timedOut": null,
              "duration": 3212,
              "state": "passed",
              "speed": "fast",
              "pass": true,
              "fail": false,
              "pending": false,
              "context": null,
              "code": "loginPage.visit();\ncy.env(['username', 'password']).then(env => {\n  loginPage.enterUsername(env.username);\n  loginPage.enterPassword(env.password);\n  loginPage.clickLogin();\n  cy.contains('Logout').click();\n  cy.url().should('include', '/login');\n  cy.get('button[name=\"submit\"]').should('be.visible');\n});",
              "err": {},
              "uuid": "ca80c261-407c-44f8-9e4d-f279064ce926",
              "parentUUID": "2cd7f7ce-c33f-483d-a0f9-dc892f58b0b3",
              "isHook": false,
              "skipped": false
            }
          ],
          "suites": [],
          "passes": [
            "ca80c261-407c-44f8-9e4d-f279064ce926"
          ],
          "failures": [],
          "pending": [],
          "skipped": [],
          "duration": 3212,
          "root": false,
          "rootEmpty": false,
          "_timeout": 2000
        }
      ],
      "passes": [],
      "failures": [],
      "pending": [],
      "skipped": [],
      "duration": 0,
      "root": true,
      "rootEmpty": true,
      "_timeout": 2000
    }
  ],
  "meta": {
    "mocha": {
      "version": "7.2.0"
    },
    "mochawesome": {
      "options": {
        "quiet": false,
        "reportFilename": "mochawesome",
        "saveHtml": true,
        "saveJson": true,
        "consoleReporter": "spec",
        "useInlineDiffs": false,
        "code": true
      },
      "version": "7.1.4"
    },
    "marge": {
      "options": {
        "reportDir": "cypress/reports",
        "overwrite": false,
        "html": true,
        "json": true
      },
      "version": "6.3.2"
    }
  }
}