{
  "stats": {
    "suites": 1,
    "tests": 1,
    "passes": 1,
    "pending": 0,
    "failures": 0,
    "start": "2026-02-28T19:55:08.730Z",
    "end": "2026-02-28T19:55:10.126Z",
    "duration": 1396,
    "testsRegistered": 1,
    "passPercent": 100,
    "pendingPercent": 0,
    "other": 0,
    "hasOther": false,
    "skipped": 0,
    "hasSkipped": false
  },
  "results": [
    {
      "uuid": "19d2fba0-c85e-4dc9-b540-9282861a0918",
      "title": "",
      "fullFile": "cypress\\e2e\\5_forgotPassword.cy.js",
      "file": "cypress\\e2e\\5_forgotPassword.cy.js",
      "beforeHooks": [],
      "afterHooks": [],
      "tests": [],
      "suites": [
        {
          "uuid": "9ff720ff-6e49-4238-989e-309992d2ff7e",
          "title": "Forgot Password Tests",
          "fullFile": "",
          "file": "",
          "beforeHooks": [],
          "afterHooks": [],
          "tests": [
            {
              "title": "should show validation message on forgot password",
              "fullTitle": "Forgot Password Tests should show validation message on forgot password",
              "timedOut": null,
              "duration": 1315,
              "state": "passed",
              "speed": "fast",
              "pass": true,
              "fail": false,
              "pending": false,
              "context": null,
              "code": "loginPage.clickForgotPassword();\nloginPage.getForgotPasswordValidationMessage();",
              "err": {},
              "uuid": "643dc264-a573-42b4-a3cd-5af601a6dbfa",
              "parentUUID": "9ff720ff-6e49-4238-989e-309992d2ff7e",
              "isHook": false,
              "skipped": false
            }
          ],
          "suites": [],
          "passes": [
            "643dc264-a573-42b4-a3cd-5af601a6dbfa"
          ],
          "failures": [],
          "pending": [],
          "skipped": [],
          "duration": 1315,
          "root": false,
          "rootEmpty": false,
          "_timeout": 2000
        }
      ],
      "passes": [],
      "failures": [],
      "pending": [],
      "skipped": [],
      "duration": 0,
      "root": true,
      "rootEmpty": true,
      "_timeout": 2000
    }
  ],
  "meta": {
    "mocha": {
      "version": "7.2.0"
    },
    "mochawesome": {
      "options": {
        "quiet": false,
        "reportFilename": "mochawesome",
        "saveHtml": true,
        "saveJson": true,
        "consoleReporter": "spec",
        "useInlineDiffs": false,
        "code": true
      },
      "version": "7.1.4"
    },
    "marge": {
      "options": {
        "reportDir": "cypress/reports",
        "overwrite": false,
        "html": true,
        "json": true
      },
      "version": "6.3.2"
    }
  }
}