{
  "stats": {
    "suites": 1,
    "tests": 1,
    "passes": 1,
    "pending": 0,
    "failures": 0,
    "start": "2026-02-28T17:15:46.745Z",
    "end": "2026-02-28T17:15:50.410Z",
    "duration": 3665,
    "testsRegistered": 1,
    "passPercent": 100,
    "pendingPercent": 0,
    "other": 0,
    "hasOther": false,
    "skipped": 0,
    "hasSkipped": false
  },
  "results": [
    {
      "uuid": "2b6db0de-a62c-42f7-8a97-feeab4c15036",
      "title": "",
      "fullFile": "cypress\\e2e\\4_logout.cy.js",
      "file": "cypress\\e2e\\4_logout.cy.js",
      "beforeHooks": [],
      "afterHooks": [],
      "tests": [],
      "suites": [
        {
          "uuid": "b2c97040-e64b-46df-8d0a-4784cdd6988d",
          "title": "Logout Tests",
          "fullFile": "",
          "file": "",
          "beforeHooks": [],
          "afterHooks": [],
          "tests": [
            {
              "title": "should login and logout successfully",
              "fullTitle": "Logout Tests should login and logout successfully",
              "timedOut": null,
              "duration": 3582,
              "state": "passed",
              "speed": "fast",
              "pass": true,
              "fail": false,
              "pending": false,
              "context": null,
              "code": "loginPage.visit();\ncy.env(['username', 'password']).then(env => {\n  loginPage.enterUsername(env.username);\n  loginPage.enterPassword(env.password);\n  loginPage.clickLogin();\n  cy.contains('Logout').click();\n  cy.url().should('include', '/login');\n  cy.get('button[name=\"submit\"]').should('be.visible');\n});",
              "err": {},
              "uuid": "fe6296be-dabc-448c-ace8-055577de869f",
              "parentUUID": "b2c97040-e64b-46df-8d0a-4784cdd6988d",
              "isHook": false,
              "skipped": false
            }
          ],
          "suites": [],
          "passes": [
            "fe6296be-dabc-448c-ace8-055577de869f"
          ],
          "failures": [],
          "pending": [],
          "skipped": [],
          "duration": 3582,
          "root": false,
          "rootEmpty": false,
          "_timeout": 2000
        }
      ],
      "passes": [],
      "failures": [],
      "pending": [],
      "skipped": [],
      "duration": 0,
      "root": true,
      "rootEmpty": true,
      "_timeout": 2000
    }
  ],
  "meta": {
    "mocha": {
      "version": "7.2.0"
    },
    "mochawesome": {
      "options": {
        "quiet": false,
        "reportFilename": "mochawesome",
        "saveHtml": true,
        "saveJson": true,
        "consoleReporter": "spec",
        "useInlineDiffs": false,
        "code": true
      },
      "version": "7.1.4"
    },
    "marge": {
      "options": {
        "reportDir": "cypress/reports",
        "overwrite": false,
        "html": true,
        "json": true
      },
      "version": "6.3.2"
    }
  }
}