{
  "stats": {
    "suites": 1,
    "tests": 1,
    "passes": 1,
    "pending": 0,
    "failures": 0,
    "start": "2026-02-28T19:54:53.537Z",
    "end": "2026-02-28T19:54:58.938Z",
    "duration": 5401,
    "testsRegistered": 1,
    "passPercent": 100,
    "pendingPercent": 0,
    "other": 0,
    "hasOther": false,
    "skipped": 0,
    "hasSkipped": false
  },
  "results": [
    {
      "uuid": "332b97b9-506a-4cc3-9536-018454a8799b",
      "title": "",
      "fullFile": "cypress\\e2e\\3_home.cy.js",
      "file": "cypress\\e2e\\3_home.cy.js",
      "beforeHooks": [],
      "afterHooks": [],
      "tests": [],
      "suites": [
        {
          "uuid": "8bcd2135-99f4-4ca2-ad16-7d42e127d983",
          "title": "Home Page Tests",
          "fullFile": "",
          "file": "",
          "beforeHooks": [],
          "afterHooks": [],
          "tests": [
            {
              "title": "should validate home page elements",
              "fullTitle": "Home Page Tests should validate home page elements",
              "timedOut": null,
              "duration": 5238,
              "state": "passed",
              "speed": "medium",
              "pass": true,
              "fail": false,
              "pending": false,
              "context": null,
              "code": "cy.contains('h2', 'Books').should('be.visible');\ncy.get('#new').should('be.visible');\ncy.get('#old').should('be.visible');\ncy.get('.book').should('have.length.greaterThan', 0);",
              "err": {},
              "uuid": "b4016cf5-7e9a-462d-9e54-e65f837890c5",
              "parentUUID": "8bcd2135-99f4-4ca2-ad16-7d42e127d983",
              "isHook": false,
              "skipped": false
            }
          ],
          "suites": [],
          "passes": [
            "b4016cf5-7e9a-462d-9e54-e65f837890c5"
          ],
          "failures": [],
          "pending": [],
          "skipped": [],
          "duration": 5238,
          "root": false,
          "rootEmpty": false,
          "_timeout": 2000
        }
      ],
      "passes": [],
      "failures": [],
      "pending": [],
      "skipped": [],
      "duration": 0,
      "root": true,
      "rootEmpty": true,
      "_timeout": 2000
    }
  ],
  "meta": {
    "mocha": {
      "version": "7.2.0"
    },
    "mochawesome": {
      "options": {
        "quiet": false,
        "reportFilename": "mochawesome",
        "saveHtml": true,
        "saveJson": true,
        "consoleReporter": "spec",
        "useInlineDiffs": false,
        "code": true
      },
      "version": "7.1.4"
    },
    "marge": {
      "options": {
        "reportDir": "cypress/reports",
        "overwrite": false,
        "html": true,
        "json": true
      },
      "version": "6.3.2"
    }
  }
}