{
  "stats": {
    "suites": 1,
    "tests": 1,
    "passes": 1,
    "pending": 0,
    "failures": 0,
    "start": "2026-02-27T00:08:02.529Z",
    "end": "2026-02-27T00:08:07.665Z",
    "duration": 5136,
    "testsRegistered": 1,
    "passPercent": 100,
    "pendingPercent": 0,
    "other": 0,
    "hasOther": false,
    "skipped": 0,
    "hasSkipped": false
  },
  "results": [
    {
      "uuid": "8686696d-71e9-4429-afdf-b75dd3ef448a",
      "title": "",
      "fullFile": "cypress\\e2e\\4_logout.cy.js",
      "file": "cypress\\e2e\\4_logout.cy.js",
      "beforeHooks": [],
      "afterHooks": [],
      "tests": [],
      "suites": [
        {
          "uuid": "ea5fdd8f-bded-4900-a36c-ba292243c3fd",
          "title": "Logout Tests",
          "fullFile": "",
          "file": "",
          "beforeHooks": [],
          "afterHooks": [],
          "tests": [
            {
              "title": "should login and logout successfully",
              "fullTitle": "Logout Tests should login and logout successfully",
              "timedOut": null,
              "duration": 4941,
              "state": "passed",
              "speed": "fast",
              "pass": true,
              "fail": false,
              "pending": false,
              "context": null,
              "code": "loginPage.visit();\ncy.env(['username', 'password']).then(env => {\n  loginPage.enterUsername(env.username);\n  loginPage.enterPassword(env.password);\n  loginPage.clickLogin();\n  cy.contains('Logout').click();\n  cy.url().should('include', '/login');\n  cy.get('button[name=\"submit\"]').should('be.visible');\n});",
              "err": {},
              "uuid": "3beaf71d-0a41-44d5-ad6b-558229d10bc4",
              "parentUUID": "ea5fdd8f-bded-4900-a36c-ba292243c3fd",
              "isHook": false,
              "skipped": false
            }
          ],
          "suites": [],
          "passes": [
            "3beaf71d-0a41-44d5-ad6b-558229d10bc4"
          ],
          "failures": [],
          "pending": [],
          "skipped": [],
          "duration": 4941,
          "root": false,
          "rootEmpty": false,
          "_timeout": 2000
        }
      ],
      "passes": [],
      "failures": [],
      "pending": [],
      "skipped": [],
      "duration": 0,
      "root": true,
      "rootEmpty": true,
      "_timeout": 2000
    }
  ],
  "meta": {
    "mocha": {
      "version": "7.2.0"
    },
    "mochawesome": {
      "options": {
        "quiet": false,
        "reportFilename": "mochawesome",
        "saveHtml": true,
        "saveJson": true,
        "consoleReporter": "spec",
        "useInlineDiffs": false,
        "code": true
      },
      "version": "7.1.4"
    },
    "marge": {
      "options": {
        "reportDir": "cypress/reports",
        "overwrite": false,
        "html": true,
        "json": true
      },
      "version": "6.3.2"
    }
  }
}