{
  "stats": {
    "suites": 1,
    "tests": 1,
    "passes": 1,
    "pending": 0,
    "failures": 0,
    "start": "2026-02-28T19:04:45.973Z",
    "end": "2026-02-28T19:04:47.146Z",
    "duration": 1173,
    "testsRegistered": 1,
    "passPercent": 100,
    "pendingPercent": 0,
    "other": 0,
    "hasOther": false,
    "skipped": 0,
    "hasSkipped": false
  },
  "results": [
    {
      "uuid": "a96503db-5a97-45fe-813e-1502f775c193",
      "title": "",
      "fullFile": "cypress\\e2e\\5_forgotPassword.cy.js",
      "file": "cypress\\e2e\\5_forgotPassword.cy.js",
      "beforeHooks": [],
      "afterHooks": [],
      "tests": [],
      "suites": [
        {
          "uuid": "18531f99-cfbb-4aa0-9229-791e705692de",
          "title": "Forgot Password Tests",
          "fullFile": "",
          "file": "",
          "beforeHooks": [],
          "afterHooks": [],
          "tests": [
            {
              "title": "should show validation message on forgot password",
              "fullTitle": "Forgot Password Tests should show validation message on forgot password",
              "timedOut": null,
              "duration": 1071,
              "state": "passed",
              "speed": "fast",
              "pass": true,
              "fail": false,
              "pending": false,
              "context": null,
              "code": "loginPage.clickForgotPassword();\nloginPage.getForgotPasswordValidationMessage();",
              "err": {},
              "uuid": "896a81fa-eeb8-4217-b561-bfe59750a186",
              "parentUUID": "18531f99-cfbb-4aa0-9229-791e705692de",
              "isHook": false,
              "skipped": false
            }
          ],
          "suites": [],
          "passes": [
            "896a81fa-eeb8-4217-b561-bfe59750a186"
          ],
          "failures": [],
          "pending": [],
          "skipped": [],
          "duration": 1071,
          "root": false,
          "rootEmpty": false,
          "_timeout": 2000
        }
      ],
      "passes": [],
      "failures": [],
      "pending": [],
      "skipped": [],
      "duration": 0,
      "root": true,
      "rootEmpty": true,
      "_timeout": 2000
    }
  ],
  "meta": {
    "mocha": {
      "version": "7.2.0"
    },
    "mochawesome": {
      "options": {
        "quiet": false,
        "reportFilename": "mochawesome",
        "saveHtml": true,
        "saveJson": true,
        "consoleReporter": "spec",
        "useInlineDiffs": false,
        "code": true
      },
      "version": "7.1.4"
    },
    "marge": {
      "options": {
        "reportDir": "cypress/reports",
        "overwrite": false,
        "html": true,
        "json": true
      },
      "version": "6.3.2"
    }
  }
}