{
  "stats": {
    "suites": 1,
    "tests": 1,
    "passes": 0,
    "pending": 0,
    "failures": 1,
    "start": "2026-02-27T00:03:55.764Z",
    "end": "2026-02-27T00:04:03.689Z",
    "duration": 7925,
    "testsRegistered": 1,
    "passPercent": 0,
    "pendingPercent": 0,
    "other": 0,
    "hasOther": false,
    "skipped": 0,
    "hasSkipped": false
  },
  "results": [
    {
      "uuid": "f0b60af1-3b82-4b4d-ad9b-b231eef4b8f1",
      "title": "",
      "fullFile": "cypress\\e2e\\1_negativeLogin.cy.js",
      "file": "cypress\\e2e\\1_negativeLogin.cy.js",
      "beforeHooks": [],
      "afterHooks": [],
      "tests": [],
      "suites": [
        {
          "uuid": "8d23e570-21e0-4233-9800-67b21aefe9cc",
          "title": "Negative Login Tests",
          "fullFile": "",
          "file": "",
          "beforeHooks": [],
          "afterHooks": [],
          "tests": [
            {
              "title": "should show error for invalid credentials",
              "fullTitle": "Negative Login Tests should show error for invalid credentials",
              "timedOut": null,
              "duration": 7822,
              "state": "failed",
              "speed": null,
              "pass": false,
              "fail": true,
              "pending": false,
              "context": null,
              "code": "loginPage.enterUsername('wrongUser');\nloginPage.enterPassword('wrongPass');\nloginPage.clickLogin();\nloginPage.getErrorMessage().should('contain.text', 'Wrong Username or Password');\ncy.screenshot();",
              "err": {
                "message": "AssertionError: Timed out retrying after 4000ms: expected '<div#flash_danger.alert.alert-danger>' to contain text 'Wrong Username or Password', but the text was 'Please wait one minute before next login'",
                "estack": "AssertionError: Timed out retrying after 4000ms: expected '<div#flash_danger.alert.alert-danger>' to contain text 'Wrong Username or Password', but the text was 'Please wait one minute before next login'\n    at Context.eval (webpack://interview-test/./cypress/e2e/1_negativeLogin.cy.js:18:7)",
                "diff": "- 'Please wait one minute before next login'\n+ 'Wrong Username or Password'\n"
              },
              "uuid": "ec7ab490-a016-4ce6-98b3-8cca367435c7",
              "parentUUID": "8d23e570-21e0-4233-9800-67b21aefe9cc",
              "isHook": false,
              "skipped": false
            }
          ],
          "suites": [],
          "passes": [],
          "failures": [
            "ec7ab490-a016-4ce6-98b3-8cca367435c7"
          ],
          "pending": [],
          "skipped": [],
          "duration": 7822,
          "root": false,
          "rootEmpty": false,
          "_timeout": 2000
        }
      ],
      "passes": [],
      "failures": [],
      "pending": [],
      "skipped": [],
      "duration": 0,
      "root": true,
      "rootEmpty": true,
      "_timeout": 2000
    }
  ],
  "meta": {
    "mocha": {
      "version": "7.2.0"
    },
    "mochawesome": {
      "options": {
        "quiet": false,
        "reportFilename": "mochawesome",
        "saveHtml": true,
        "saveJson": true,
        "consoleReporter": "spec",
        "useInlineDiffs": false,
        "code": true
      },
      "version": "7.1.4"
    },
    "marge": {
      "options": {
        "reportDir": "cypress/reports",
        "overwrite": false,
        "html": true,
        "json": true
      },
      "version": "6.3.2"
    }
  }
}