{
  "stats": {
    "suites": 1,
    "tests": 1,
    "passes": 1,
    "pending": 0,
    "failures": 0,
    "start": "2026-02-28T17:12:50.409Z",
    "end": "2026-02-28T17:12:53.101Z",
    "duration": 2692,
    "testsRegistered": 1,
    "passPercent": 100,
    "pendingPercent": 0,
    "other": 0,
    "hasOther": false,
    "skipped": 0,
    "hasSkipped": false
  },
  "results": [
    {
      "uuid": "8ca21cbe-403e-4c65-ac31-89010e812efd",
      "title": "",
      "fullFile": "cypress\\e2e\\3_home.cy.js",
      "file": "cypress\\e2e\\3_home.cy.js",
      "beforeHooks": [],
      "afterHooks": [],
      "tests": [],
      "suites": [
        {
          "uuid": "9bc0a4fc-ff1b-40e0-a095-355635388b69",
          "title": "Home Page Tests",
          "fullFile": "",
          "file": "",
          "beforeHooks": [],
          "afterHooks": [],
          "tests": [
            {
              "title": "should validate home page elements",
              "fullTitle": "Home Page Tests should validate home page elements",
              "timedOut": null,
              "duration": 2548,
              "state": "passed",
              "speed": "fast",
              "pass": true,
              "fail": false,
              "pending": false,
              "context": null,
              "code": "cy.contains('h2', 'Books').should('be.visible');\ncy.get('#new').should('be.visible');\ncy.get('#old').should('be.visible');\ncy.get('.book').should('have.length.greaterThan', 0);",
              "err": {},
              "uuid": "0293ddf7-9514-4f0c-953c-3b934acbc8ee",
              "parentUUID": "9bc0a4fc-ff1b-40e0-a095-355635388b69",
              "isHook": false,
              "skipped": false
            }
          ],
          "suites": [],
          "passes": [
            "0293ddf7-9514-4f0c-953c-3b934acbc8ee"
          ],
          "failures": [],
          "pending": [],
          "skipped": [],
          "duration": 2548,
          "root": false,
          "rootEmpty": false,
          "_timeout": 2000
        }
      ],
      "passes": [],
      "failures": [],
      "pending": [],
      "skipped": [],
      "duration": 0,
      "root": true,
      "rootEmpty": true,
      "_timeout": 2000
    }
  ],
  "meta": {
    "mocha": {
      "version": "7.2.0"
    },
    "mochawesome": {
      "options": {
        "quiet": false,
        "reportFilename": "mochawesome",
        "saveHtml": true,
        "saveJson": true,
        "consoleReporter": "spec",
        "useInlineDiffs": false,
        "code": true
      },
      "version": "7.1.4"
    },
    "marge": {
      "options": {
        "reportDir": "cypress/reports",
        "overwrite": false,
        "html": true,
        "json": true
      },
      "version": "6.3.2"
    }
  }
}