{
  "stats": {
    "suites": 1,
    "tests": 1,
    "passes": 0,
    "pending": 0,
    "failures": 1,
    "start": "2026-02-26T23:48:22.500Z",
    "end": "2026-02-26T23:48:30.110Z",
    "duration": 7610,
    "testsRegistered": 1,
    "passPercent": 0,
    "pendingPercent": 0,
    "other": 0,
    "hasOther": false,
    "skipped": 0,
    "hasSkipped": false
  },
  "results": [
    {
      "uuid": "5c4c6ab6-e3f8-4cd8-9f1d-cb6e80aa3eb5",
      "title": "",
      "fullFile": "cypress\\e2e\\1_negativeLogin.cy.js",
      "file": "cypress\\e2e\\1_negativeLogin.cy.js",
      "beforeHooks": [],
      "afterHooks": [],
      "tests": [],
      "suites": [
        {
          "uuid": "418b556e-a3f5-4935-9567-92b1ac84cab4",
          "title": "Negative Login Tests",
          "fullFile": "",
          "file": "",
          "beforeHooks": [],
          "afterHooks": [],
          "tests": [
            {
              "title": "should show error for invalid credentials",
              "fullTitle": "Negative Login Tests should show error for invalid credentials",
              "timedOut": null,
              "duration": 7503,
              "state": "failed",
              "speed": null,
              "pass": false,
              "fail": true,
              "pending": false,
              "context": null,
              "code": "loginPage.enterUsername('wrongUser');\nloginPage.enterPassword('wrongPass');\nloginPage.clickLogin();\nloginPage.getErrorMessage().should('contain.text', 'Wrong Username or Password');\ncy.screenshot();",
              "err": {
                "message": "AssertionError: Timed out retrying after 4000ms: expected '<div#flash_danger.alert.alert-danger>' to contain text 'Wrong Username or Password', but the text was 'Please wait one minute before next login'",
                "estack": "AssertionError: Timed out retrying after 4000ms: expected '<div#flash_danger.alert.alert-danger>' to contain text 'Wrong Username or Password', but the text was 'Please wait one minute before next login'\n    at Context.eval (webpack://interview-test/./cypress/e2e/1_negativeLogin.cy.js:18:7)",
                "diff": "- 'Please wait one minute before next login'\n+ 'Wrong Username or Password'\n"
              },
              "uuid": "84e4eb6b-0de9-4f8f-aabf-3753e26d9995",
              "parentUUID": "418b556e-a3f5-4935-9567-92b1ac84cab4",
              "isHook": false,
              "skipped": false
            }
          ],
          "suites": [],
          "passes": [],
          "failures": [
            "84e4eb6b-0de9-4f8f-aabf-3753e26d9995"
          ],
          "pending": [],
          "skipped": [],
          "duration": 7503,
          "root": false,
          "rootEmpty": false,
          "_timeout": 2000
        }
      ],
      "passes": [],
      "failures": [],
      "pending": [],
      "skipped": [],
      "duration": 0,
      "root": true,
      "rootEmpty": true,
      "_timeout": 2000
    }
  ],
  "meta": {
    "mocha": {
      "version": "7.2.0"
    },
    "mochawesome": {
      "options": {
        "quiet": false,
        "reportFilename": "mochawesome",
        "saveHtml": true,
        "saveJson": true,
        "consoleReporter": "spec",
        "useInlineDiffs": false,
        "code": true
      },
      "version": "7.1.4"
    },
    "marge": {
      "options": {
        "reportDir": "cypress/reports",
        "overwrite": false,
        "html": true,
        "json": true
      },
      "version": "6.3.2"
    }
  }
}